<?xml version="1.0" encoding="UTF-8"?>
<!-- Generated by org.testng.reporters.JUnitReportReporter -->
<testsuite hostname="Krithiksha" failures="0" tests="2" name="com.simplilearn.SportyShoes.LoginTest" time="8.613" errors="0" timestamp="2025-01-14T18:08:34 GMT" skipped="0">
  <testcase classname="com.simplilearn.SportyShoes.LoginTest" name="loginUserWithIncorrectCredentials" time="6.967"/>
  <testcase classname="com.simplilearn.SportyShoes.LoginTest" name="loginUser" time="1.646"/>
</testsuite> <!-- com.simplilearn.SportyShoes.LoginTest -->
