<?xml version="1.0" encoding="UTF-8"?>
<!-- Generated by org.testng.reporters.JUnitReportReporter -->
<testsuite hostname="Krithiksha" failures="0" tests="1" name="com.simplilearn.SportyShoes.LogoutTest" time="4.202" errors="0" timestamp="2025-01-14T18:08:34 GMT" skipped="0">
  <testcase classname="com.simplilearn.SportyShoes.LogoutTest" name="logoutUser" time="4.202"/>
</testsuite> <!-- com.simplilearn.SportyShoes.LogoutTest -->
