<?xml version="1.0" encoding="UTF-8"?>
<!-- Generated by org.testng.reporters.JUnitReportReporter -->
<testsuite hostname="Krithiksha" failures="0" tests="2" name="com.simplilearn.SportyShoes.LoginTest" time="9.414" errors="0" timestamp="2025-01-16T22:11:10 GMT" skipped="0">
  <testcase classname="com.simplilearn.SportyShoes.LoginTest" name="loginUserWithIncorrectCredentials" time="7.457"/>
  <testcase classname="com.simplilearn.SportyShoes.LoginTest" name="loginUser" time="1.957"/>
</testsuite> <!-- com.simplilearn.SportyShoes.LoginTest -->
