<?xml version="1.0" encoding="UTF-8"?>
<!-- Generated by org.testng.reporters.JUnitReportReporter -->
<testsuite hostname="Krithiksha" failures="0" tests="1" name="com.simplilearn.SportyShoes.LogoutTest" time="4.257" errors="0" timestamp="2025-01-16T22:11:10 GMT" skipped="0">
  <testcase classname="com.simplilearn.SportyShoes.LogoutTest" name="logoutUser" time="4.257"/>
</testsuite> <!-- com.simplilearn.SportyShoes.LogoutTest -->
