<?xml version="1.0" encoding="UTF-8"?>
<!-- Generated by org.testng.reporters.JUnitReportReporter -->
<testsuite hostname="Krithiksha" failures="0" tests="1" name="com.simplilearn.SportyShoes.ProfilePageTest" time="3.648" errors="0" timestamp="2025-01-16T22:11:10 GMT" skipped="0">
  <testcase classname="com.simplilearn.SportyShoes.ProfilePageTest" name="updateProfile" time="3.648"/>
</testsuite> <!-- com.simplilearn.SportyShoes.ProfilePageTest -->
